0 info it worked if it ends with ok
1 verbose cli [ '/usr/local/bin/node',
1 verbose cli   '/usr/local/bin/npm',
1 verbose cli   'install',
1 verbose cli   'fs',
1 verbose cli   '--save-dev' ]
2 info using npm@3.3.12
3 info using node@v5.4.1
4 silly loadCurrentTree Starting
5 silly install loadCurrentTree
6 silly install readLocalPackageData
7 silly fetchPackageMetaData fs
8 silly fetchNamedPackageData fs
9 silly mapToRegistry name fs
10 silly mapToRegistry using default registry
11 silly mapToRegistry registry https://registry.npmjs.org/
12 silly mapToRegistry uri https://registry.npmjs.org/fs
13 verbose request uri https://registry.npmjs.org/fs
14 verbose request no auth needed
15 info attempt registry request try #1 at 10:55:55 AM
16 verbose request using bearer token for auth
17 verbose request id 06a536cac412e813
18 verbose etag W/"582c3c62-d57"
19 verbose lastModified Wed, 16 Nov 2016 11:00:50 GMT
20 http request GET https://registry.npmjs.org/fs
21 http 304 https://registry.npmjs.org/fs
22 verbose headers { server: 'nginx/1.10.1',
22 verbose headers   'last-modified': 'Wed, 16 Nov 2016 11:00:50 GMT',
22 verbose headers   etag: '"582c3c62-d57"',
22 verbose headers   'cache-control': 'max-age=300',
22 verbose headers   'accept-ranges': 'bytes',
22 verbose headers   date: 'Thu, 08 Dec 2016 08:55:56 GMT',
22 verbose headers   via: '1.1 varnish',
22 verbose headers   connection: 'keep-alive',
22 verbose headers   'x-served-by': 'cache-lhr6328-LHR',
22 verbose headers   'x-cache': 'MISS',
22 verbose headers   'x-cache-hits': '0',
22 verbose headers   'x-timer': 'S1481187356.029205,VS0,VE17',
22 verbose headers   vary: 'Accept-Encoding' }
23 silly get cb [ 304,
23 silly get   { server: 'nginx/1.10.1',
23 silly get     'last-modified': 'Wed, 16 Nov 2016 11:00:50 GMT',
23 silly get     etag: '"582c3c62-d57"',
23 silly get     'cache-control': 'max-age=300',
23 silly get     'accept-ranges': 'bytes',
23 silly get     date: 'Thu, 08 Dec 2016 08:55:56 GMT',
23 silly get     via: '1.1 varnish',
23 silly get     connection: 'keep-alive',
23 silly get     'x-served-by': 'cache-lhr6328-LHR',
23 silly get     'x-cache': 'MISS',
23 silly get     'x-cache-hits': '0',
23 silly get     'x-timer': 'S1481187356.029205,VS0,VE17',
23 silly get     vary: 'Accept-Encoding' } ]
24 verbose etag https://registry.npmjs.org/fs from cache
25 verbose get saving fs to /Users/razvan/.npm/registry.npmjs.org/fs/.cache.json
26 silly install normalizeTree
27 silly loadCurrentTree Finishing
28 silly loadIdealTree Starting
29 silly install loadIdealTree
30 silly cloneCurrentTree Starting
31 silly install cloneCurrentTreeToIdealTree
32 silly cloneCurrentTree Finishing
33 silly loadShrinkwrap Starting
34 silly install loadShrinkwrap
35 silly loadShrinkwrap Finishing
36 silly loadAllDepsIntoIdealTree Starting
37 silly install loadAllDepsIntoIdealTree
38 silly resolveWithNewModule fs@0.0.0 checking installable status
39 silly cache add args [ 'fs', null ]
40 verbose cache add spec fs
41 silly cache add parsed spec Result {
41 silly cache add   raw: 'fs',
41 silly cache add   scope: null,
41 silly cache add   name: 'fs',
41 silly cache add   rawSpec: '',
41 silly cache add   spec: '*',
41 silly cache add   type: 'range' }
42 silly addNamed fs@*
43 verbose addNamed "*" is a valid semver range for fs
44 silly addNameRange { name: 'fs', range: '*', hasData: false }
45 silly mapToRegistry name fs
46 silly mapToRegistry using default registry
47 silly mapToRegistry registry https://registry.npmjs.org/
48 silly mapToRegistry uri https://registry.npmjs.org/fs
49 verbose addNameRange registry:https://registry.npmjs.org/fs not in flight; fetching
50 verbose get https://registry.npmjs.org/fs not expired, no request
51 silly addNameRange number 2 { name: 'fs', range: '*', hasData: true }
52 silly addNameRange versions [ 'fs', [ '0.0.1-security', '0.0.0', '0.0.2' ] ]
53 silly addNamed fs@0.0.2
54 verbose addNamed "0.0.2" is a plain semver version for fs
55 silly cache afterAdd fs@0.0.2
56 verbose afterAdd /Users/razvan/.npm/fs/0.0.2/package/package.json not in flight; writing
57 verbose afterAdd /Users/razvan/.npm/fs/0.0.2/package/package.json written
58 silly rollbackFailedOptional Starting
59 silly rollbackFailedOptional Finishing
60 silly runTopLevelLifecycles Starting
61 silly runTopLevelLifecycles Finishing
62 silly install printInstalled
63 verbose stack Error: Error extracting /Users/razvan/.npm/fs/0.0.0/package.tgz archive: ENOENT: no such file or directory, open '/Users/razvan/.npm/fs/0.0.0/package.tgz'
63 verbose stack     at ReadStream.<anonymous> (/usr/local/lib/node_modules/npm/lib/fetch-package-metadata.js:286:10)
63 verbose stack     at emitOne (events.js:77:13)
63 verbose stack     at ReadStream.emit (events.js:169:7)
63 verbose stack     at /usr/local/lib/node_modules/npm/node_modules/graceful-fs/graceful-fs.js:179:14
63 verbose stack     at /usr/local/lib/node_modules/npm/node_modules/graceful-fs/graceful-fs.js:230:16
63 verbose stack     at FSReqWrap.oncomplete (fs.js:82:15)
64 verbose cwd /Applications/AMPPS/www/pixelgrade/wp-content/themes/noah/node_modules/gulp-json-to-sass-map
65 error Darwin 16.1.0
66 error argv "/usr/local/bin/node" "/usr/local/bin/npm" "install" "fs" "--save-dev"
67 error node v5.4.1
68 error npm  v3.3.12
69 error code EREADFILE
70 error Error extracting /Users/razvan/.npm/fs/0.0.0/package.tgz archive: ENOENT: no such file or directory, open '/Users/razvan/.npm/fs/0.0.0/package.tgz'
71 error If you need help, you may report this error at:
71 error     <https://github.com/npm/npm/issues>
72 verbose exit [ 1, true ]
